Running command: python3 evolvepro/plm/one-hot/extract.py output/dms/brenan.fasta --method one_hot --results_path output/plm/one-hot/
Processing dataset: brenan
Encoded shape: (6810, 7200)
Saved encoded sequences to: output/plm/one-hot/brenan_one_hot_encoded.csv
Running command: python3 evolvepro/plm/one-hot/extract.py output/dms/jones.fasta --method one_hot --results_path output/plm/one-hot/
Processing dataset: jones
Encoded shape: (7800, 8260)
Saved encoded sequences to: output/plm/one-hot/jones_one_hot_encoded.csv
Running command: python3 evolvepro/plm/one-hot/extract.py output/dms/stiffler.fasta --method one_hot --results_path output/plm/one-hot/
Processing dataset: stiffler
Encoded shape: (4978, 5720)
Saved encoded sequences to: output/plm/one-hot/stiffler_one_hot_encoded.csv
Running command: python3 evolvepro/plm/one-hot/extract.py output/dms/haddox.fasta --method one_hot --results_path output/plm/one-hot/
Processing dataset: haddox
Encoded shape: (12863, 17220)
Saved encoded sequences to: output/plm/one-hot/haddox_one_hot_encoded.csv
Running command: python3 evolvepro/plm/one-hot/extract.py output/dms/doud.fasta --method one_hot --results_path output/plm/one-hot/
Processing dataset: doud
Encoded shape: (10716, 11300)
Saved encoded sequences to: output/plm/one-hot/doud_one_hot_encoded.csv
Running command: python3 evolvepro/plm/one-hot/extract.py output/dms/giacomelli.fasta --method one_hot --results_path output/plm/one-hot/
Processing dataset: giacomelli
Encoded shape: (7448, 7860)
Saved encoded sequences to: output/plm/one-hot/giacomelli_one_hot_encoded.csv
Running command: python3 evolvepro/plm/one-hot/extract.py output/dms/kelsic.fasta --method one_hot --results_path output/plm/one-hot/
Processing dataset: kelsic
Encoded shape: (1368, 1440)
Saved encoded sequences to: output/plm/one-hot/kelsic_one_hot_encoded.csv
Running command: python3 evolvepro/plm/one-hot/extract.py output/dms/lee.fasta --method one_hot --results_path output/plm/one-hot/
Processing dataset: lee
Encoded shape: (10754, 11320)
Saved encoded sequences to: output/plm/one-hot/lee_one_hot_encoded.csv
Running command: python3 evolvepro/plm/one-hot/extract.py output/dms/markin.fasta --method one_hot --results_path output/plm/one-hot/
Processing dataset: markin
Encoded shape: (1041, 10540)
Saved encoded sequences to: output/plm/one-hot/markin_one_hot_encoded.csv
Running command: python3 evolvepro/plm/one-hot/extract.py output/dms/cas12f.fasta --method one_hot --results_path output/plm/one-hot/
Processing dataset: cas12f
Encoded shape: (7942, 8440)
Saved encoded sequences to: output/plm/one-hot/cas12f_one_hot_encoded.csv
Running command: python3 evolvepro/plm/one-hot/extract.py output/dms/cov2_S.fasta --method one_hot --results_path output/plm/one-hot/
Processing dataset: cov2_S
Encoded shape: (1959, 25460)
Saved encoded sequences to: output/plm/one-hot/cov2_S_one_hot_encoded.csv
Running command: python3 evolvepro/plm/one-hot/extract.py output/dms/zikv_E.fasta --method one_hot --results_path output/plm/one-hot/
Processing dataset: zikv_E
Encoded shape: (9577, 10080)
Saved encoded sequences to: output/plm/one-hot/zikv_E_one_hot_encoded.csv
Running command: python3 evolvepro/plm/one-hot/extract.py output/dms/brenan.fasta --method integer --results_path output/plm/one-hot/
Processing dataset: brenan
Encoded shape: (6810, 360)
Saved encoded sequences to: output/plm/one-hot/brenan_integer_encoded.csv
Running command: python3 evolvepro/plm/one-hot/extract.py output/dms/jones.fasta --method integer --results_path output/plm/one-hot/
Processing dataset: jones
Encoded shape: (7800, 413)
Saved encoded sequences to: output/plm/one-hot/jones_integer_encoded.csv
Running command: python3 evolvepro/plm/one-hot/extract.py output/dms/stiffler.fasta --method integer --results_path output/plm/one-hot/
Processing dataset: stiffler
Encoded shape: (4978, 286)
Saved encoded sequences to: output/plm/one-hot/stiffler_integer_encoded.csv
Running command: python3 evolvepro/plm/one-hot/extract.py output/dms/haddox.fasta --method integer --results_path output/plm/one-hot/
Processing dataset: haddox
Encoded shape: (12863, 861)
Saved encoded sequences to: output/plm/one-hot/haddox_integer_encoded.csv
Running command: python3 evolvepro/plm/one-hot/extract.py output/dms/doud.fasta --method integer --results_path output/plm/one-hot/
Processing dataset: doud
Encoded shape: (10716, 565)
Saved encoded sequences to: output/plm/one-hot/doud_integer_encoded.csv
Running command: python3 evolvepro/plm/one-hot/extract.py output/dms/giacomelli.fasta --method integer --results_path output/plm/one-hot/
Processing dataset: giacomelli
Encoded shape: (7448, 393)
Saved encoded sequences to: output/plm/one-hot/giacomelli_integer_encoded.csv
Running command: python3 evolvepro/plm/one-hot/extract.py output/dms/kelsic.fasta --method integer --results_path output/plm/one-hot/
Processing dataset: kelsic
Encoded shape: (1368, 72)
Saved encoded sequences to: output/plm/one-hot/kelsic_integer_encoded.csv
Running command: python3 evolvepro/plm/one-hot/extract.py output/dms/lee.fasta --method integer --results_path output/plm/one-hot/
Processing dataset: lee
Encoded shape: (10754, 566)
Saved encoded sequences to: output/plm/one-hot/lee_integer_encoded.csv
Running command: python3 evolvepro/plm/one-hot/extract.py output/dms/markin.fasta --method integer --results_path output/plm/one-hot/
Processing dataset: markin
Encoded shape: (1041, 527)
Saved encoded sequences to: output/plm/one-hot/markin_integer_encoded.csv
Running command: python3 evolvepro/plm/one-hot/extract.py output/dms/cas12f.fasta --method integer --results_path output/plm/one-hot/
Processing dataset: cas12f
Encoded shape: (7942, 422)
Saved encoded sequences to: output/plm/one-hot/cas12f_integer_encoded.csv
Running command: python3 evolvepro/plm/one-hot/extract.py output/dms/cov2_S.fasta --method integer --results_path output/plm/one-hot/
Processing dataset: cov2_S
Encoded shape: (1959, 1273)
Saved encoded sequences to: output/plm/one-hot/cov2_S_integer_encoded.csv
Running command: python3 evolvepro/plm/one-hot/extract.py output/dms/zikv_E.fasta --method integer --results_path output/plm/one-hot/
Processing dataset: zikv_E
Encoded shape: (9577, 504)
Saved encoded sequences to: output/plm/one-hot/zikv_E_integer_encoded.csv
