Running command: python evolvepro/plm/unirep/extract.py --input output/dms/brenan.fasta --output output/plm/unirep/brenan_unirep.csv
No GPU/TPU found, falling back to CPU. (Set TF_CPP_MIN_LOG_LEVEL=0 and rerun for more info.)
Embedded protein S360Y with length 360 to emb. of global shape: (1900,)
Embeddings saved to output/plm/unirep/brenan_unirep.csv
Running command: python evolvepro/plm/unirep/extract.py --input output/dms/jones.fasta --output output/plm/unirep/jones_unirep.csv
No GPU/TPU found, falling back to CPU. (Set TF_CPP_MIN_LOG_LEVEL=0 and rerun for more info.)
Embedded protein L413Y with length 413 to emb. of global shape: (1900,)
Embeddings saved to output/plm/unirep/jones_unirep.csv
Running command: python evolvepro/plm/unirep/extract.py --input output/dms/stiffler.fasta --output output/plm/unirep/stiffler_unirep.csv
No GPU/TPU found, falling back to CPU. (Set TF_CPP_MIN_LOG_LEVEL=0 and rerun for more info.)
Embedded protein W286Y with length 286 to emb. of global shape: (1900,)
Embeddings saved to output/plm/unirep/stiffler_unirep.csv
Running command: python evolvepro/plm/unirep/extract.py --input output/dms/haddox.fasta --output output/plm/unirep/haddox_unirep.csv
No GPU/TPU found, falling back to CPU. (Set TF_CPP_MIN_LOG_LEVEL=0 and rerun for more info.)
/var/slurm/slurmd/job38971995/slurm_script: line 30: 2843504 Killed                  python evolvepro/plm/unirep/extract.py --input output/dms/haddox.fasta --output output/plm/unirep/haddox_unirep.csv
Running command: python evolvepro/plm/unirep/extract.py --input output/dms/doud.fasta --output output/plm/unirep/doud_unirep.csv
No GPU/TPU found, falling back to CPU. (Set TF_CPP_MIN_LOG_LEVEL=0 and rerun for more info.)
/var/slurm/slurmd/job38971995/slurm_script: line 30: 2843552 Killed                  python evolvepro/plm/unirep/extract.py --input output/dms/doud.fasta --output output/plm/unirep/doud_unirep.csv
Running command: python evolvepro/plm/unirep/extract.py --input output/dms/giacomelli.fasta --output output/plm/unirep/giacomelli_unirep.csv
No GPU/TPU found, falling back to CPU. (Set TF_CPP_MIN_LOG_LEVEL=0 and rerun for more info.)
